<?xml version="1.0" encoding="UTF-8"?>
<!-- Generated by org.testng.reporters.JUnitXMLReporter -->
<testsuite ignored="0" hostname="hotaru" failures="1" tests="2" name="SeleniumInteliji" time="3.188" errors="0" timestamp="2023-08-21T12:05:51 ICT">
  <testcase classname="tutorial_selenium.TestNGAssert" name="enterEmail" time="0.004">
    <failure type="java.lang.AssertionError" message="null">
      <![CDATA[java.lang.AssertionError: null
at tutorial_selenium.TestNGAssert.enterEmail(TestNGAssert.java:33)
at java.base/java.util.ArrayList.forEach(ArrayList.java:1511)
at com.intellij.rt.testng.IDEARemoteTestNG.run(IDEARemoteTestNG.java:66)
at com.intellij.rt.testng.RemoteTestNGStarter.main(RemoteTestNGStarter.java:105)
... Removed 24 stack frames]]>
    </failure>
  </testcase> <!-- enterEmail -->
  <testcase classname="tutorial_selenium.TestNGAssert" name="enterPassword" time="3.131"/>
</testsuite> <!-- SeleniumInteliji -->
