<?xml version="1.0" encoding="UTF-8"?>
<testng-results ignored="0" total="2" passed="1" failed="1" skipped="0">
  <reporter-output>
  </reporter-output>
  <suite started-at="2023-08-21T12:05:48 ICT" name="Default Suite" finished-at="2023-08-21T12:05:51 ICT" duration-ms="3188">
    <groups>
    </groups>
    <test started-at="2023-08-21T12:05:48 ICT" name="SeleniumInteliji" finished-at="2023-08-21T12:05:51 ICT" duration-ms="3188">
      <class name="tutorial_selenium.TestNGAssert">
        <test-method is-config="true" signature="getSetup()[pri:0, instance:tutorial_selenium.TestNGAssert@3901d134]" started-at="2023-08-21T12:05:41 ICT" name="getSetup" finished-at="2023-08-21T12:05:48 ICT" duration-ms="7218" status="PASS">
          <reporter-output>
          </reporter-output>
        </test-method> <!-- getSetup -->
        <test-method signature="enterEmail()[pri:0, instance:tutorial_selenium.TestNGAssert@3901d134]" started-at="2023-08-21T12:05:48 ICT" name="enterEmail" finished-at="2023-08-21T12:05:48 ICT" duration-ms="4" status="FAIL">
          <exception class="java.lang.AssertionError">
            <message>
              <![CDATA[null]]>
            </message>
            <full-stacktrace>
              <![CDATA[java.lang.AssertionError: null
at org.testng.Assert.fail(Assert.java:110)
at org.testng.Assert.fail(Assert.java:115)
at tutorial_selenium.TestNGAssert.enterEmail(TestNGAssert.java:33)
at java.base/jdk.internal.reflect.DirectMethodHandleAccessor.invoke(DirectMethodHandleAccessor.java:104)
at java.base/java.lang.reflect.Method.invoke(Method.java:577)
at org.testng.internal.invokers.MethodInvocationHelper.invokeMethod(MethodInvocationHelper.java:139)
at org.testng.internal.invokers.TestInvoker.invokeMethod(TestInvoker.java:677)
at org.testng.internal.invokers.TestInvoker.invokeTestMethod(TestInvoker.java:221)
at org.testng.internal.invokers.MethodRunner.runInSequence(MethodRunner.java:50)
at org.testng.internal.invokers.TestInvoker$MethodInvocationAgent.invoke(TestInvoker.java:969)
at org.testng.internal.invokers.TestInvoker.invokeTestMethods(TestInvoker.java:194)
at org.testng.internal.invokers.TestMethodWorker.invokeTestMethods(TestMethodWorker.java:148)
at org.testng.internal.invokers.TestMethodWorker.run(TestMethodWorker.java:128)
at java.base/java.util.ArrayList.forEach(ArrayList.java:1511)
at org.testng.TestRunner.privateRun(TestRunner.java:829)
at org.testng.TestRunner.run(TestRunner.java:602)
at org.testng.SuiteRunner.runTest(SuiteRunner.java:437)
at org.testng.SuiteRunner.runSequentially(SuiteRunner.java:431)
at org.testng.SuiteRunner.privateRun(SuiteRunner.java:391)
at org.testng.SuiteRunner.run(SuiteRunner.java:330)
at org.testng.SuiteRunnerWorker.runSuite(SuiteRunnerWorker.java:52)
at org.testng.SuiteRunnerWorker.run(SuiteRunnerWorker.java:95)
at org.testng.TestNG.runSuitesSequentially(TestNG.java:1256)
at org.testng.TestNG.runSuitesLocally(TestNG.java:1176)
at org.testng.TestNG.runSuites(TestNG.java:1099)
at org.testng.TestNG.run(TestNG.java:1067)
at com.intellij.rt.testng.IDEARemoteTestNG.run(IDEARemoteTestNG.java:66)
at com.intellij.rt.testng.RemoteTestNGStarter.main(RemoteTestNGStarter.java:105)
]]>
            </full-stacktrace>
          </exception> <!-- java.lang.AssertionError -->
          <reporter-output>
          </reporter-output>
        </test-method> <!-- enterEmail -->
        <test-method signature="enterPassword()[pri:0, instance:tutorial_selenium.TestNGAssert@3901d134]" started-at="2023-08-21T12:05:48 ICT" name="enterPassword" finished-at="2023-08-21T12:05:51 ICT" duration-ms="3131" status="PASS">
          <reporter-output>
          </reporter-output>
        </test-method> <!-- enterPassword -->
        <test-method is-config="true" signature="end()[pri:0, instance:tutorial_selenium.TestNGAssert@3901d134]" started-at="2023-08-21T12:05:51 ICT" name="end" finished-at="2023-08-21T12:05:52 ICT" duration-ms="353" status="PASS">
          <reporter-output>
          </reporter-output>
        </test-method> <!-- end -->
      </class> <!-- tutorial_selenium.TestNGAssert -->
    </test> <!-- SeleniumInteliji -->
  </suite> <!-- Default Suite -->
</testng-results>
